2016-08-15 10:40:00,101 INFO FISSOFT\NgocLD Profiler.Helpers.clsDataAccess CheckConnectSQL 484  - Open connection to SQL Server  
2016-08-15 10:40:00,164 INFO FISSOFT\NgocLD Profiler.Helpers.clsDataAccess CheckConnectSQL 546  - Open connection to SQL Server  
2016-08-15 10:40:00,164 INFO FISSOFT\NgocLD Profiler.Helpers.clsDataAccess GetDataTableSql 546  - Execute sql: select	a.id, case a.status when '1' then 'Running' when '0' then 'Stop' end as status, a.max_size, a.max_files, convert(varchar, a.start_time, 120) as start, convert(varchar, a.last_event_time, 120) as last, a.event_count as [count],a.path as [path_server] from sys.traces a where a.max_files is not null and is_default = 0;  
2016-08-15 10:40:00,179 INFO FISSOFT\NgocLD Profiler.Helpers.clsDataAccess CheckUserIsSysAdmin 562  - Execute sql: IF IS_SRVROLEMEMBER ('sysadmin') = 1 select 'IsSysAdmin' as IsSysAdmin  
2016-08-15 10:40:00,179 INFO FISSOFT\NgocLD Profiler.Helpers.clsDataAccess GetDataTableSql 562  - Execute sql: SELECT DISTINCT REVERSE(SUBSTRING(REVERSE(path), CHARINDEX('\', REVERSE(path)), 256)) as [DirTrace] FROM sys.traces WHERE max_files is not null and is_default = 0  
2016-08-15 10:40:00,179 INFO FISSOFT\NgocLD Profiler.Helpers.clsDataAccess CheckUserIsSysAdmin 562  - Execute sql: IF IS_SRVROLEMEMBER ('sysadmin') = 1 select 'IsSysAdmin' as IsSysAdmin  
2016-08-15 10:40:05,166 INFO FISSOFT\NgocLD Profiler.Helpers.clsDataAccess CheckConnectSQL 5549  - Open connection to SQL Server  
2016-08-15 10:40:05,166 INFO FISSOFT\NgocLD Profiler.Helpers.clsDataAccess GetDataTableSql 5549  - Execute sql: select	a.id, case a.status when '1' then 'Running' when '0' then 'Stop' end as status, a.max_size, a.max_files, convert(varchar, a.start_time, 120) as start, convert(varchar, a.last_event_time, 120) as last, a.event_count as [count],a.path as [path_server] from sys.traces a where a.max_files is not null and is_default = 0;  
2016-08-15 10:40:05,182 INFO FISSOFT\NgocLD Profiler.Helpers.clsDataAccess CheckUserIsSysAdmin 5565  - Execute sql: IF IS_SRVROLEMEMBER ('sysadmin') = 1 select 'IsSysAdmin' as IsSysAdmin  
2016-08-15 10:40:05,182 INFO FISSOFT\NgocLD Profiler.Helpers.clsDataAccess GetDataTableSql 5565  - Execute sql: SELECT DISTINCT REVERSE(SUBSTRING(REVERSE(path), CHARINDEX('\', REVERSE(path)), 256)) as [DirTrace] FROM sys.traces WHERE max_files is not null and is_default = 0  
2016-08-15 10:40:05,995 INFO FISSOFT\NgocLD Profiler.Helpers.clsDataAccess CheckConnectSQL 6377  - Open connection to SQL Server  
2016-08-15 10:40:05,995 INFO FISSOFT\NgocLD Profiler.Helpers.clsDataAccess GetDataTableSql 6377  - Execute sql: select	a.id, case a.status when '1' then 'Running' when '0' then 'Stop' end as status, a.max_size, a.max_files, convert(varchar, a.start_time, 120) as start, convert(varchar, a.last_event_time, 120) as last, a.event_count as [count],a.path as [path_server] from sys.traces a where a.max_files is not null and is_default = 0;  
2016-08-15 10:40:05,995 INFO FISSOFT\NgocLD Profiler.Helpers.clsDataAccess CheckUserIsSysAdmin 6377  - Execute sql: IF IS_SRVROLEMEMBER ('sysadmin') = 1 select 'IsSysAdmin' as IsSysAdmin  
2016-08-15 10:40:05,995 INFO FISSOFT\NgocLD Profiler.Helpers.clsDataAccess GetDataTableSql 6377  - Execute sql: SELECT DISTINCT REVERSE(SUBSTRING(REVERSE(path), CHARINDEX('\', REVERSE(path)), 256)) as [DirTrace] FROM sys.traces WHERE max_files is not null and is_default = 0  
2016-08-15 10:40:06,807 INFO FISSOFT\NgocLD Profiler.Helpers.clsDataAccess CheckConnectSQL 7190  - Open connection to SQL Server  
2016-08-15 10:40:06,807 INFO FISSOFT\NgocLD Profiler.Helpers.clsDataAccess GetDataTableSql 7190  - Execute sql: select	a.id, case a.status when '1' then 'Running' when '0' then 'Stop' end as status, a.max_size, a.max_files, convert(varchar, a.start_time, 120) as start, convert(varchar, a.last_event_time, 120) as last, a.event_count as [count],a.path as [path_server] from sys.traces a where a.max_files is not null and is_default = 0;  
2016-08-15 10:40:06,823 INFO FISSOFT\NgocLD Profiler.Helpers.clsDataAccess CheckUserIsSysAdmin 7205  - Execute sql: IF IS_SRVROLEMEMBER ('sysadmin') = 1 select 'IsSysAdmin' as IsSysAdmin  
2016-08-15 10:40:06,823 INFO FISSOFT\NgocLD Profiler.Helpers.clsDataAccess GetDataTableSql 7205  - Execute sql: SELECT DISTINCT REVERSE(SUBSTRING(REVERSE(path), CHARINDEX('\', REVERSE(path)), 256)) as [DirTrace] FROM sys.traces WHERE max_files is not null and is_default = 0  
2016-08-15 10:40:06,994 INFO FISSOFT\NgocLD Profiler.Helpers.clsDataAccess CheckConnectSQL 7377  - Open connection to SQL Server  
2016-08-15 10:40:06,994 INFO FISSOFT\NgocLD Profiler.Helpers.clsDataAccess GetDataTableSql 7377  - Execute sql: select	a.id, case a.status when '1' then 'Running' when '0' then 'Stop' end as status, a.max_size, a.max_files, convert(varchar, a.start_time, 120) as start, convert(varchar, a.last_event_time, 120) as last, a.event_count as [count],a.path as [path_server] from sys.traces a where a.max_files is not null and is_default = 0;  
2016-08-15 10:40:06,994 INFO FISSOFT\NgocLD Profiler.Helpers.clsDataAccess CheckUserIsSysAdmin 7377  - Execute sql: IF IS_SRVROLEMEMBER ('sysadmin') = 1 select 'IsSysAdmin' as IsSysAdmin  
2016-08-15 10:40:06,994 INFO FISSOFT\NgocLD Profiler.Helpers.clsDataAccess GetDataTableSql 7377  - Execute sql: SELECT DISTINCT REVERSE(SUBSTRING(REVERSE(path), CHARINDEX('\', REVERSE(path)), 256)) as [DirTrace] FROM sys.traces WHERE max_files is not null and is_default = 0  
2016-08-15 10:40:07,635 INFO FISSOFT\NgocLD Profiler.Helpers.clsDataAccess CheckConnectSQL 8018  - Open connection to SQL Server  
2016-08-15 10:40:07,635 INFO FISSOFT\NgocLD Profiler.Helpers.clsDataAccess GetDataTableSql 8018  - Execute sql: select	a.id, case a.status when '1' then 'Running' when '0' then 'Stop' end as status, a.max_size, a.max_files, convert(varchar, a.start_time, 120) as start, convert(varchar, a.last_event_time, 120) as last, a.event_count as [count],a.path as [path_server] from sys.traces a where a.max_files is not null and is_default = 0;  
2016-08-15 10:40:07,635 INFO FISSOFT\NgocLD Profiler.Helpers.clsDataAccess CheckUserIsSysAdmin 8018  - Execute sql: IF IS_SRVROLEMEMBER ('sysadmin') = 1 select 'IsSysAdmin' as IsSysAdmin  
2016-08-15 10:40:07,635 INFO FISSOFT\NgocLD Profiler.Helpers.clsDataAccess GetDataTableSql 8018  - Execute sql: SELECT DISTINCT REVERSE(SUBSTRING(REVERSE(path), CHARINDEX('\', REVERSE(path)), 256)) as [DirTrace] FROM sys.traces WHERE max_files is not null and is_default = 0  
2016-08-15 10:40:08,338 INFO FISSOFT\NgocLD Profiler.Helpers.clsDataAccess CheckConnectSQL 8721  - Open connection to SQL Server  
2016-08-15 10:40:08,338 INFO FISSOFT\NgocLD Profiler.Helpers.clsDataAccess GetDataTableSql 8721  - Execute sql: select	a.id, case a.status when '1' then 'Running' when '0' then 'Stop' end as status, a.max_size, a.max_files, convert(varchar, a.start_time, 120) as start, convert(varchar, a.last_event_time, 120) as last, a.event_count as [count],a.path as [path_server] from sys.traces a where a.max_files is not null and is_default = 0;  
2016-08-15 10:40:08,338 INFO FISSOFT\NgocLD Profiler.Helpers.clsDataAccess CheckUserIsSysAdmin 8721  - Execute sql: IF IS_SRVROLEMEMBER ('sysadmin') = 1 select 'IsSysAdmin' as IsSysAdmin  
2016-08-15 10:40:08,338 INFO FISSOFT\NgocLD Profiler.Helpers.clsDataAccess GetDataTableSql 8721  - Execute sql: SELECT DISTINCT REVERSE(SUBSTRING(REVERSE(path), CHARINDEX('\', REVERSE(path)), 256)) as [DirTrace] FROM sys.traces WHERE max_files is not null and is_default = 0  
2016-08-15 10:40:08,901 INFO FISSOFT\NgocLD Profiler.Helpers.clsDataAccess CheckConnectSQL 9284  - Open connection to SQL Server  
2016-08-15 10:40:08,901 INFO FISSOFT\NgocLD Profiler.Helpers.clsDataAccess GetDataTableSql 9284  - Execute sql: select	a.id, case a.status when '1' then 'Running' when '0' then 'Stop' end as status, a.max_size, a.max_files, convert(varchar, a.start_time, 120) as start, convert(varchar, a.last_event_time, 120) as last, a.event_count as [count],a.path as [path_server] from sys.traces a where a.max_files is not null and is_default = 0;  
2016-08-15 10:40:08,916 INFO FISSOFT\NgocLD Profiler.Helpers.clsDataAccess CheckUserIsSysAdmin 9299  - Execute sql: IF IS_SRVROLEMEMBER ('sysadmin') = 1 select 'IsSysAdmin' as IsSysAdmin  
2016-08-15 10:40:08,916 INFO FISSOFT\NgocLD Profiler.Helpers.clsDataAccess GetDataTableSql 9299  - Execute sql: SELECT DISTINCT REVERSE(SUBSTRING(REVERSE(path), CHARINDEX('\', REVERSE(path)), 256)) as [DirTrace] FROM sys.traces WHERE max_files is not null and is_default = 0  
2016-08-15 10:40:12,635 INFO FISSOFT\NgocLD Profiler.Helpers.clsDataAccess CheckConnectSQL 13018  - Open connection to SQL Server  
2016-08-15 10:40:12,635 INFO FISSOFT\NgocLD Profiler.Helpers.clsDataAccess GetDataTableSql 13018  - Execute sql: select	a.id, case a.status when '1' then 'Running' when '0' then 'Stop' end as status, a.max_size, a.max_files, convert(varchar, a.start_time, 120) as start, convert(varchar, a.last_event_time, 120) as last, a.event_count as [count],a.path as [path_server] from sys.traces a where a.max_files is not null and is_default = 0;  
2016-08-15 10:40:12,635 INFO FISSOFT\NgocLD Profiler.Helpers.clsDataAccess CheckUserIsSysAdmin 13018  - Execute sql: IF IS_SRVROLEMEMBER ('sysadmin') = 1 select 'IsSysAdmin' as IsSysAdmin  
2016-08-15 10:40:12,635 INFO FISSOFT\NgocLD Profiler.Helpers.clsDataAccess GetDataTableSql 13018  - Execute sql: SELECT DISTINCT REVERSE(SUBSTRING(REVERSE(path), CHARINDEX('\', REVERSE(path)), 256)) as [DirTrace] FROM sys.traces WHERE max_files is not null and is_default = 0  
2016-08-15 10:40:12,807 INFO FISSOFT\NgocLD Profiler.Helpers.clsDataAccess CheckConnectSQL 13190  - Open connection to SQL Server  
2016-08-15 10:40:12,807 INFO FISSOFT\NgocLD Profiler.Helpers.clsDataAccess GetDataTableSql 13190  - Execute sql: select	a.id, case a.status when '1' then 'Running' when '0' then 'Stop' end as status, a.max_size, a.max_files, convert(varchar, a.start_time, 120) as start, convert(varchar, a.last_event_time, 120) as last, a.event_count as [count],a.path as [path_server] from sys.traces a where a.max_files is not null and is_default = 0;  
2016-08-15 10:40:12,807 INFO FISSOFT\NgocLD Profiler.Helpers.clsDataAccess CheckUserIsSysAdmin 13190  - Execute sql: IF IS_SRVROLEMEMBER ('sysadmin') = 1 select 'IsSysAdmin' as IsSysAdmin  
2016-08-15 10:40:12,807 INFO FISSOFT\NgocLD Profiler.Helpers.clsDataAccess GetDataTableSql 13190  - Execute sql: SELECT DISTINCT REVERSE(SUBSTRING(REVERSE(path), CHARINDEX('\', REVERSE(path)), 256)) as [DirTrace] FROM sys.traces WHERE max_files is not null and is_default = 0  
2016-08-15 10:40:17,245 INFO FISSOFT\NgocLD Profiler.Helpers.clsDataAccess GetDataRowSql 17627  - Execute sql: SELECT left(convert(varchar, min(a.StartTime), 120), 16) as StartTime, left(convert(varchar, max(a.EndTime), 120), 16) as EndTime, count(a.StartTime) as [RowCount] FROM sys.fn_trace_gettable('', 1) a  
2016-08-15 10:40:17,245 ERROR FISSOFT\NgocLD Profiler.Helpers.clsDataAccess GetDataRowSql 17627  - Exception: Trace file name '' is invalid.  
2016-08-15 10:40:19,573 INFO FISSOFT\NgocLD Profiler.Helpers.clsDataAccess CheckConnectSQL 19955  - Open connection to SQL Server  
2016-08-15 10:40:20,323 INFO FISSOFT\NgocLD Profiler.Helpers.clsDataAccess CheckConnectSQL 20705  - Open connection to SQL Server  
2016-08-15 10:40:21,338 INFO FISSOFT\NgocLD Profiler.Helpers.clsDataAccess CheckConnectSQL 21721  - Open connection to SQL Server  
2016-08-15 10:40:22,711 INFO FISSOFT\NgocLD Profiler.Helpers.clsDataAccess CheckConnectSQL 23093  - Open connection to SQL Server  
2016-08-15 10:40:24,070 INFO FISSOFT\NgocLD Profiler.Helpers.clsDataAccess GetDataRowSql 24453  - Execute sql: SELECT left(convert(varchar, min(a.StartTime), 120), 16) as StartTime, left(convert(varchar, max(a.EndTime), 120), 16) as EndTime, count(a.StartTime) as [RowCount] FROM sys.fn_trace_gettable('', 1) a  
2016-08-15 10:40:24,070 ERROR FISSOFT\NgocLD Profiler.Helpers.clsDataAccess GetDataRowSql 24453  - Exception: Trace file name '' is invalid.  
2016-08-15 10:40:24,336 INFO FISSOFT\NgocLD Profiler.Helpers.clsDataAccess CheckConnectSQL 24718  - Open connection to SQL Server  
2016-08-15 10:40:25,601 INFO FISSOFT\NgocLD Profiler.Helpers.clsDataAccess CheckConnectSQL 25984  - Open connection to SQL Server  
2016-08-15 10:40:25,601 INFO FISSOFT\NgocLD Profiler.Helpers.clsDataAccess GetDataTableSql 25984  - Execute sql: select	a.id, case a.status when '1' then 'Running' when '0' then 'Stop' end as status, a.max_size, a.max_files, convert(varchar, a.start_time, 120) as start, convert(varchar, a.last_event_time, 120) as last, a.event_count as [count],a.path as [path_server] from sys.traces a where a.max_files is not null and is_default = 0;  
2016-08-15 10:40:25,617 INFO FISSOFT\NgocLD Profiler.Helpers.clsDataAccess CheckUserIsSysAdmin 26000  - Execute sql: IF IS_SRVROLEMEMBER ('sysadmin') = 1 select 'IsSysAdmin' as IsSysAdmin  
2016-08-15 10:40:25,617 INFO FISSOFT\NgocLD Profiler.Helpers.clsDataAccess GetDataTableSql 26000  - Execute sql: SELECT DISTINCT REVERSE(SUBSTRING(REVERSE(path), CHARINDEX('\', REVERSE(path)), 256)) as [DirTrace] FROM sys.traces WHERE max_files is not null and is_default = 0  
2016-08-15 10:40:26,304 INFO FISSOFT\NgocLD Profiler.Helpers.clsDataAccess CheckConnectSQL 26687  - Open connection to SQL Server  
2016-08-15 10:40:26,304 INFO FISSOFT\NgocLD Profiler.Helpers.clsDataAccess GetDataTableSql 26687  - Execute sql: select	a.id, case a.status when '1' then 'Running' when '0' then 'Stop' end as status, a.max_size, a.max_files, convert(varchar, a.start_time, 120) as start, convert(varchar, a.last_event_time, 120) as last, a.event_count as [count],a.path as [path_server] from sys.traces a where a.max_files is not null and is_default = 0;  
2016-08-15 10:40:26,320 INFO FISSOFT\NgocLD Profiler.Helpers.clsDataAccess CheckUserIsSysAdmin 26703  - Execute sql: IF IS_SRVROLEMEMBER ('sysadmin') = 1 select 'IsSysAdmin' as IsSysAdmin  
2016-08-15 10:40:26,320 INFO FISSOFT\NgocLD Profiler.Helpers.clsDataAccess GetDataTableSql 26703  - Execute sql: SELECT DISTINCT REVERSE(SUBSTRING(REVERSE(path), CHARINDEX('\', REVERSE(path)), 256)) as [DirTrace] FROM sys.traces WHERE max_files is not null and is_default = 0  
2016-08-15 10:40:26,976 INFO FISSOFT\NgocLD Profiler.Helpers.clsDataAccess CheckConnectSQL 27359  - Open connection to SQL Server  
2016-08-15 10:40:26,976 INFO FISSOFT\NgocLD Profiler.Helpers.clsDataAccess GetDataTableSql 27359  - Execute sql: select	a.id, case a.status when '1' then 'Running' when '0' then 'Stop' end as status, a.max_size, a.max_files, convert(varchar, a.start_time, 120) as start, convert(varchar, a.last_event_time, 120) as last, a.event_count as [count],a.path as [path_server] from sys.traces a where a.max_files is not null and is_default = 0;  
2016-08-15 10:40:26,976 INFO FISSOFT\NgocLD Profiler.Helpers.clsDataAccess CheckUserIsSysAdmin 27359  - Execute sql: IF IS_SRVROLEMEMBER ('sysadmin') = 1 select 'IsSysAdmin' as IsSysAdmin  
2016-08-15 10:40:26,976 INFO FISSOFT\NgocLD Profiler.Helpers.clsDataAccess GetDataTableSql 27359  - Execute sql: SELECT DISTINCT REVERSE(SUBSTRING(REVERSE(path), CHARINDEX('\', REVERSE(path)), 256)) as [DirTrace] FROM sys.traces WHERE max_files is not null and is_default = 0  
2016-08-15 10:40:28,679 INFO FISSOFT\NgocLD Profiler.Helpers.clsDataAccess CheckConnectSQL 29062  - Open connection to SQL Server  
2016-08-15 10:40:28,679 INFO FISSOFT\NgocLD Profiler.Helpers.clsDataAccess GetDataTableSql 29062  - Execute sql: select	a.id, case a.status when '1' then 'Running' when '0' then 'Stop' end as status, a.max_size, a.max_files, convert(varchar, a.start_time, 120) as start, convert(varchar, a.last_event_time, 120) as last, a.event_count as [count],a.path as [path_server] from sys.traces a where a.max_files is not null and is_default = 0;  
2016-08-15 10:40:28,679 INFO FISSOFT\NgocLD Profiler.Helpers.clsDataAccess CheckUserIsSysAdmin 29062  - Execute sql: IF IS_SRVROLEMEMBER ('sysadmin') = 1 select 'IsSysAdmin' as IsSysAdmin  
2016-08-15 10:40:28,679 INFO FISSOFT\NgocLD Profiler.Helpers.clsDataAccess GetDataTableSql 29062  - Execute sql: SELECT DISTINCT REVERSE(SUBSTRING(REVERSE(path), CHARINDEX('\', REVERSE(path)), 256)) as [DirTrace] FROM sys.traces WHERE max_files is not null and is_default = 0  
2016-08-15 10:40:28,976 INFO FISSOFT\NgocLD Profiler.Helpers.clsDataAccess CheckConnectSQL 29359  - Open connection to SQL Server  
2016-08-15 10:40:28,976 INFO FISSOFT\NgocLD Profiler.Helpers.clsDataAccess GetDataTableSql 29359  - Execute sql: select	a.id, case a.status when '1' then 'Running' when '0' then 'Stop' end as status, a.max_size, a.max_files, convert(varchar, a.start_time, 120) as start, convert(varchar, a.last_event_time, 120) as last, a.event_count as [count],a.path as [path_server] from sys.traces a where a.max_files is not null and is_default = 0;  
2016-08-15 10:40:28,976 INFO FISSOFT\NgocLD Profiler.Helpers.clsDataAccess CheckUserIsSysAdmin 29359  - Execute sql: IF IS_SRVROLEMEMBER ('sysadmin') = 1 select 'IsSysAdmin' as IsSysAdmin  
2016-08-15 10:40:28,976 INFO FISSOFT\NgocLD Profiler.Helpers.clsDataAccess GetDataTableSql 29359  - Execute sql: SELECT DISTINCT REVERSE(SUBSTRING(REVERSE(path), CHARINDEX('\', REVERSE(path)), 256)) as [DirTrace] FROM sys.traces WHERE max_files is not null and is_default = 0  
2016-08-15 10:40:29,398 INFO FISSOFT\NgocLD Profiler.Helpers.clsDataAccess CheckConnectSQL 29781  - Open connection to SQL Server  
2016-08-15 10:40:29,398 INFO FISSOFT\NgocLD Profiler.Helpers.clsDataAccess GetDataTableSql 29781  - Execute sql: select	a.id, case a.status when '1' then 'Running' when '0' then 'Stop' end as status, a.max_size, a.max_files, convert(varchar, a.start_time, 120) as start, convert(varchar, a.last_event_time, 120) as last, a.event_count as [count],a.path as [path_server] from sys.traces a where a.max_files is not null and is_default = 0;  
2016-08-15 10:40:29,414 INFO FISSOFT\NgocLD Profiler.Helpers.clsDataAccess CheckUserIsSysAdmin 29796  - Execute sql: IF IS_SRVROLEMEMBER ('sysadmin') = 1 select 'IsSysAdmin' as IsSysAdmin  
2016-08-15 10:40:29,414 INFO FISSOFT\NgocLD Profiler.Helpers.clsDataAccess GetDataTableSql 29796  - Execute sql: SELECT DISTINCT REVERSE(SUBSTRING(REVERSE(path), CHARINDEX('\', REVERSE(path)), 256)) as [DirTrace] FROM sys.traces WHERE max_files is not null and is_default = 0  
2016-08-15 10:40:29,648 INFO FISSOFT\NgocLD Profiler.Helpers.clsDataAccess CheckConnectSQL 30031  - Open connection to SQL Server  
2016-08-15 10:40:29,648 INFO FISSOFT\NgocLD Profiler.Helpers.clsDataAccess GetDataTableSql 30031  - Execute sql: select	a.id, case a.status when '1' then 'Running' when '0' then 'Stop' end as status, a.max_size, a.max_files, convert(varchar, a.start_time, 120) as start, convert(varchar, a.last_event_time, 120) as last, a.event_count as [count],a.path as [path_server] from sys.traces a where a.max_files is not null and is_default = 0;  
2016-08-15 10:40:29,664 INFO FISSOFT\NgocLD Profiler.Helpers.clsDataAccess CheckUserIsSysAdmin 30046  - Execute sql: IF IS_SRVROLEMEMBER ('sysadmin') = 1 select 'IsSysAdmin' as IsSysAdmin  
2016-08-15 10:40:29,664 INFO FISSOFT\NgocLD Profiler.Helpers.clsDataAccess GetDataTableSql 30046  - Execute sql: SELECT DISTINCT REVERSE(SUBSTRING(REVERSE(path), CHARINDEX('\', REVERSE(path)), 256)) as [DirTrace] FROM sys.traces WHERE max_files is not null and is_default = 0  
2016-08-15 10:40:29,929 INFO FISSOFT\NgocLD Profiler.Helpers.clsDataAccess CheckConnectSQL 30312  - Open connection to SQL Server  
2016-08-15 10:40:29,929 INFO FISSOFT\NgocLD Profiler.Helpers.clsDataAccess GetDataTableSql 30312  - Execute sql: select	a.id, case a.status when '1' then 'Running' when '0' then 'Stop' end as status, a.max_size, a.max_files, convert(varchar, a.start_time, 120) as start, convert(varchar, a.last_event_time, 120) as last, a.event_count as [count],a.path as [path_server] from sys.traces a where a.max_files is not null and is_default = 0;  
2016-08-15 10:40:29,929 INFO FISSOFT\NgocLD Profiler.Helpers.clsDataAccess CheckUserIsSysAdmin 30312  - Execute sql: IF IS_SRVROLEMEMBER ('sysadmin') = 1 select 'IsSysAdmin' as IsSysAdmin  
2016-08-15 10:40:29,929 INFO FISSOFT\NgocLD Profiler.Helpers.clsDataAccess GetDataTableSql 30312  - Execute sql: SELECT DISTINCT REVERSE(SUBSTRING(REVERSE(path), CHARINDEX('\', REVERSE(path)), 256)) as [DirTrace] FROM sys.traces WHERE max_files is not null and is_default = 0  
2016-08-15 10:40:46,836 INFO FISSOFT\NgocLD Profiler.Helpers.clsDataAccess CheckConnectSQL 383  - Open connection to SQL Server  
2016-08-15 10:40:46,883 INFO FISSOFT\NgocLD Profiler.Helpers.clsDataAccess CheckConnectSQL 430  - Open connection to SQL Server  
2016-08-15 10:40:46,899 INFO FISSOFT\NgocLD Profiler.Helpers.clsDataAccess GetDataTableSql 446  - Execute sql: select	a.id, case a.status when '1' then 'Running' when '0' then 'Stop' end as status, a.max_size, a.max_files, convert(varchar, a.start_time, 120) as start, convert(varchar, a.last_event_time, 120) as last, a.event_count as [count],a.path as [path_server] from sys.traces a where a.max_files is not null and is_default = 0;  
2016-08-15 10:40:46,917 INFO FISSOFT\NgocLD Profiler.Helpers.clsDataAccess CheckUserIsSysAdmin 465  - Execute sql: IF IS_SRVROLEMEMBER ('sysadmin') = 1 select 'IsSysAdmin' as IsSysAdmin  
2016-08-15 10:40:46,919 INFO FISSOFT\NgocLD Profiler.Helpers.clsDataAccess GetDataTableSql 467  - Execute sql: SELECT DISTINCT REVERSE(SUBSTRING(REVERSE(path), CHARINDEX('\', REVERSE(path)), 256)) as [DirTrace] FROM sys.traces WHERE max_files is not null and is_default = 0  
2016-08-15 10:40:46,920 INFO FISSOFT\NgocLD Profiler.Helpers.clsDataAccess CheckUserIsSysAdmin 468  - Execute sql: IF IS_SRVROLEMEMBER ('sysadmin') = 1 select 'IsSysAdmin' as IsSysAdmin  
2016-08-15 10:40:49,928 INFO FISSOFT\NgocLD Profiler.Helpers.clsDataAccess CheckConnectSQL 3475  - Open connection to SQL Server  
